<?xml version="1.0" encoding="UTF-8"?>
<testng-results skipped="0" failed="0" ignored="0" total="1" passed="1">
  <reporter-output>
  </reporter-output>
  <suite name="Default suite" duration-ms="32070" started-at="2017-09-10T07:47:03Z" finished-at="2017-09-10T07:47:35Z">
    <groups>
    </groups>
    <test name="Default test" duration-ms="32070" started-at="2017-09-10T07:47:03Z" finished-at="2017-09-10T07:47:35Z">
      <class name="scripts.LoginCRM">
        <test-method status="PASS" signature="beforeMethod()[pri:0, instance:scripts.LoginCRM@5e3a8624]" name="beforeMethod" is-config="true" duration-ms="18885" started-at="2017-09-10T13:17:03Z" finished-at="2017-09-10T13:17:22Z">
          <reporter-output>
          </reporter-output>
        </test-method> <!-- beforeMethod -->
        <test-method status="PASS" signature="f()[pri:0, instance:scripts.LoginCRM@5e3a8624]" name="f" duration-ms="13163" started-at="2017-09-10T13:17:22Z" finished-at="2017-09-10T13:17:35Z">
          <reporter-output>
          </reporter-output>
        </test-method> <!-- f -->
        <test-method status="PASS" signature="afterMethod()[pri:0, instance:scripts.LoginCRM@5e3a8624]" name="afterMethod" is-config="true" duration-ms="0" started-at="2017-09-10T13:17:35Z" finished-at="2017-09-10T13:17:35Z">
          <reporter-output>
          </reporter-output>
        </test-method> <!-- afterMethod -->
      </class> <!-- scripts.LoginCRM -->
    </test> <!-- Default test -->
  </suite> <!-- Default suite -->
</testng-results>
